2025-11-04T17:00:49.484-0500	[31mFATAL[0m	app/main.go:30	Database connection failed	{"error": "failed to connect to `user=postgres database=complaint_service`: [::1]:5432 (localhost): failed SASL auth: FATAL: la autentificación password falló para el usuario «postgres» (SQLSTATE 28P01)"}
2025-11-04T17:01:21.271-0500	[34mINFO[0m	app/main.go:37	Migrations completed
2025-11-04T17:07:26.552-0500	[34mINFO[0m	app/main.go:37	Migrations completed
2025-11-04T17:13:08.145-0500	[34mINFO[0m	app/main.go:37	Migrations completed
2025-11-04T18:18:30.679-0500	[34mINFO[0m	app/main.go:38	Migrations completed
2025-11-04T18:20:32.012-0500	[34mINFO[0m	app/main.go:38	Migrations completed
2025-11-04T18:32:01.655-0500	[34mINFO[0m	app/main.go:38	Migrations completed
2025-11-04T18:32:43.418-0500	[34mINFO[0m	app/main.go:38	Migrations completed
2025-11-04T18:33:32.657-0500	[33mWARN[0m	http/middleware.go:51	App error	{"message": "user not found", "status_code": 400, "file": "C:/Users/Usuario/Desktop/reclamos/book-claims-backend/internal/core/usecase/user_usecase.go", "line": 93}
2025-11-04T18:35:08.968-0500	[34mINFO[0m	app/main.go:38	Migrations completed
2025-11-04T20:03:22.577-0500	[34mINFO[0m	app/main.go:42	Migrations completed
2025-11-04T20:04:33.882-0500	[34mINFO[0m	app/main.go:42	Migrations completed
2025-11-04T20:10:24.482-0500	[34mINFO[0m	app/main.go:42	Migrations completed
2025-11-04T20:10:54.526-0500	[34mINFO[0m	app/main.go:42	Migrations completed
2025-11-04T20:12:28.237-0500	[34mINFO[0m	app/main.go:49	Migrations completed
2025-11-04T20:14:18.745-0500	[34mINFO[0m	app/main.go:49	Migrations completed
2025-11-04T20:22:49.231-0500	[34mINFO[0m	app/main.go:49	Migrations completed
2025-11-04T20:40:13.477-0500	[34mINFO[0m	app/main.go:49	Migrations completed
2025-11-04T20:40:27.949-0500	[33mWARN[0m	http/middleware.go:51	App error	{"message": "user not found", "status_code": 400, "file": "C:/Users/Usuario/Desktop/reclamos/book-claims-backend/internal/core/usecase/user_usecase.go", "line": 93}
2025-11-04T20:56:57.100-0500	[34mINFO[0m	app/main.go:49	Migrations completed
2025-11-04T21:02:08.823-0500	[34mINFO[0m	app/main.go:50	Migrations completed
2025-11-04T21:02:54.995-0500	[34mINFO[0m	app/main.go:50	Migrations completed
2025-11-04T21:03:57.797-0500	[34mINFO[0m	app/main.go:50	Migrations completed
2025-11-04T21:04:31.803-0500	[34mINFO[0m	app/main.go:50	Migrations completed
2025-11-04T21:08:21.868-0500	[34mINFO[0m	app/main.go:50	Migrations completed
2025-11-04T22:42:40.977-0500	[34mINFO[0m	app/main.go:49	Migrations completed
2025-11-04T22:50:06.359-0500	[34mINFO[0m	app/main.go:50	Migrations completed
2025-11-04T22:50:35.986-0500	[34mINFO[0m	app/main.go:50	Migrations completed
2025-11-04T22:54:19.832-0500	[34mINFO[0m	app/main.go:50	Migrations completed
2025-11-04T22:55:31.578-0500	[34mINFO[0m	app/main.go:50	Migrations completed
2025-11-04T22:55:50.860-0500	[34mINFO[0m	app/main.go:50	Migrations completed
2025-11-04T22:57:03.530-0500	[34mINFO[0m	app/main.go:50	Migrations completed
2025-11-04T23:00:20.643-0500	[34mINFO[0m	app/main.go:50	Migrations completed
2025-11-04T23:12:16.775-0500	[34mINFO[0m	app/main.go:50	Migrations completed
2025-11-04T23:14:46.271-0500	[34mINFO[0m	app/main.go:50	Migrations completed
2025-11-04T23:47:01.572-0500	[34mINFO[0m	app/main.go:50	Migrations completed
2025-11-05T00:39:49.775-0500	[34mINFO[0m	app/main.go:50	Migrations completed
2025-11-05T00:42:49.343-0500	[34mINFO[0m	app/main.go:50	Migrations completed
2025-11-05T00:44:30.929-0500	[34mINFO[0m	app/main.go:50	Migrations completed
2025-11-05T01:42:57.874-0500	[34mINFO[0m	app/main.go:50	Migrations completed
2025-11-05T01:44:48.507-0500	[34mINFO[0m	app/main.go:50	Migrations completed
2025-11-05T01:45:41.967-0500	[34mINFO[0m	app/main.go:50	Migrations completed
2025-11-05T01:47:32.888-0500	[34mINFO[0m	app/main.go:50	Migrations completed
2025-11-05T01:47:53.196-0500	[34mINFO[0m	app/main.go:50	Migrations completed
2025-11-05T01:54:01.275-0500	[34mINFO[0m	app/main.go:50	Migrations completed
2025-11-05T01:58:22.517-0500	[34mINFO[0m	app/main.go:50	Migrations completed
2025-11-05T01:59:55.476-0500	[34mINFO[0m	app/main.go:50	Migrations completed
2025-11-05T02:02:29.713-0500	[34mINFO[0m	app/main.go:50	Migrations completed
2025-11-05T02:08:56.873-0500	[34mINFO[0m	app/main.go:50	Migrations completed
2025-11-06T13:07:23.013-0500	[34mINFO[0m	app/main.go:50	Migrations completed
2025-11-06T15:30:31.974-0500	[31mFATAL[0m	app/main.go:43	Database connection failed	{"error": "failed to connect to `user=postgres database=complaint_service`: [::1]:5432 (localhost): failed SASL auth: FATAL: la autentificaci\ufffdn password fall\ufffd para el usuario \ufffdpostgres\ufffd (SQLSTATE 28P01)"}
2025-11-06T15:31:25.165-0500	[34mINFO[0m	app/main.go:50	Migrations completed
2025-11-06T15:40:00.270-0500	[34mINFO[0m	app/main.go:50	Migrations completed
2025-11-06T15:41:57.947-0500	[34mINFO[0m	app/main.go:50	Migrations completed
2025-11-06T18:49:48.038-0500	[34mINFO[0m	app/main.go:50	Migrations completed
2025-11-09T23:04:44.294-0500	[34mINFO[0m	app/main.go:50	Migrations completed
2025-11-09T23:36:50.080-0500	[31mFATAL[0m	app/main.go:48	Migration failed	{"error": "ERROR: la columna «type» de la relación «complaint» contiene valores null (SQLSTATE 23502)"}
2025-11-09T23:37:24.266-0500	[34mINFO[0m	app/main.go:50	Migrations completed
2025-11-09T23:38:40.258-0500	[34mINFO[0m	app/main.go:50	Migrations completed
2025-11-10T00:53:01.744-0500	[31mFATAL[0m	app/main.go:49	Migration failed	{"error": "ERROR: la columna «status» de la relación «complaint» contiene valores null (SQLSTATE 23502)"}
2025-11-10T00:53:29.215-0500	[34mINFO[0m	app/main.go:51	Migrations completed
2025-11-10T00:55:25.631-0500	[34mINFO[0m	app/main.go:51	Migrations completed
2025-11-10T00:56:00.940-0500	[34mINFO[0m	app/main.go:51	Migrations completed
2025-11-10T00:57:27.461-0500	[34mINFO[0m	app/main.go:51	Migrations completed
2025-11-10T00:58:09.725-0500	[34mINFO[0m	app/main.go:51	Migrations completed
2025-11-10T01:19:19.480-0500	[34mINFO[0m	app/main.go:51	Migrations completed
2025-11-10T01:46:05.303-0500	[34mINFO[0m	app/main.go:51	Migrations completed
2025-11-10T01:51:51.195-0500	[34mINFO[0m	app/main.go:51	Migrations completed
2025-11-10T02:09:56.283-0500	[34mINFO[0m	app/main.go:51	Migrations completed
2025-11-10T02:13:02.017-0500	[34mINFO[0m	app/main.go:51	Migrations completed
2025-11-10T02:30:02.451-0500	[34mINFO[0m	app/main.go:51	Migrations completed
2025-11-10T13:49:27.828-0500	[31mFATAL[0m	app/main.go:44	Database connection failed	{"error": "failed to connect to `user=postgres database=complaint_service`: [::1]:5432 (localhost): failed SASL auth: FATAL: la autentificaci\ufffdn password fall\ufffd para el usuario \ufffdpostgres\ufffd (SQLSTATE 28P01)"}
2025-11-10T13:50:06.766-0500	[34mINFO[0m	app/main.go:51	Migrations completed
2025-11-10T14:08:57.437-0500	[34mINFO[0m	app/main.go:51	Migrations completed
2025-11-10T14:11:07.038-0500	[34mINFO[0m	app/main.go:51	Migrations completed
2025-11-10T14:12:36.588-0500	[34mINFO[0m	app/main.go:51	Migrations completed
2025-11-10T14:13:27.533-0500	[34mINFO[0m	app/main.go:51	Migrations completed
2025-11-10T14:19:01.213-0500	[34mINFO[0m	app/main.go:51	Migrations completed
2025-11-10T14:26:33.403-0500	[34mINFO[0m	app/main.go:51	Migrations completed
2025-11-10T14:58:01.849-0500	[34mINFO[0m	app/main.go:51	Migrations completed
2025-11-10T15:03:44.048-0500	[34mINFO[0m	app/main.go:51	Migrations completed
2025-11-10T15:08:20.295-0500	[34mINFO[0m	app/main.go:51	Migrations completed
2025-11-10T15:17:10.108-0500	[34mINFO[0m	app/main.go:51	Migrations completed
2025-11-10T15:29:41.711-0500	[34mINFO[0m	app/main.go:51	Migrations completed
2025-11-10T15:31:05.563-0500	[34mINFO[0m	app/main.go:51	Migrations completed
2025-11-10T15:51:28.767-0500	[34mINFO[0m	app/main.go:51	Migrations completed
2025-11-10T16:31:08.419-0500	[34mINFO[0m	app/main.go:51	Migrations completed
2025-11-10T16:35:25.065-0500	[34mINFO[0m	app/main.go:51	Migrations completed
2025-11-10T16:39:14.404-0500	[34mINFO[0m	app/main.go:51	Migrations completed
