2025-11-04T22:50:51.025-0500	[33mWARN[0m	http/middleware.go:126	Missing Authorization header	{"ip": "::1", "path": ""}
2025-11-04T22:50:56.905-0500	[33mWARN[0m	http/middleware.go:126	Missing Authorization header	{"ip": "::1", "path": ""}
2025-11-04T22:51:03.206-0500	[33mWARN[0m	http/middleware.go:126	Missing Authorization header	{"ip": "::1", "path": "/api/v1/auth/login"}
2025-11-04T22:54:29.608-0500	[33mWARN[0m	http/middleware.go:126	Missing Authorization header	{"ip": "::1", "path": "/api/v1/auth/login"}
2025-11-04T22:56:12.121-0500	[33mWARN[0m	http/middleware.go:126	Missing Authorization header	{"ip": "::1", "path": "/api/v1/user/:id"}
2025-11-04T22:56:18.768-0500	[33mWARN[0m	http/middleware.go:126	Missing Authorization header	{"ip": "::1", "path": "/api/v1/auth/login"}
2025-11-04T22:56:34.691-0500	[33mWARN[0m	http/middleware.go:126	Missing Authorization header	{"ip": "::1", "path": "/api/v1/complaint/:code"}
2025-11-04T22:56:43.208-0500	[33mWARN[0m	http/middleware.go:126	Missing Authorization header	{"ip": "::1", "path": "/api/v1/user/"}
2025-11-04T22:56:50.424-0500	[33mWARN[0m	http/middleware.go:126	Missing Authorization header	{"ip": "::1", "path": "/api/v1/auth/login"}
2025-11-04T22:57:26.619-0500	[33mWARN[0m	http/middleware.go:126	Missing Authorization header	{"ip": "::1", "path": "/api/v1/auth/login"}
2025-11-04T23:01:30.418-0500	[33mWARN[0m	http/middleware.go:126	Missing Authorization header	{"ip": "::1", "path": "/api/v1/tenant/:id"}
2025-11-04T23:01:48.324-0500	[34mINFO[0m	http/middleware.go:173	Authentication successful	{"user_id": "", "user_name": "pablito backyardigans", "ip": "::1", "path": "/api/v1/tenant/:id"}
2025-11-04T23:15:53.354-0500	[33mWARN[0m	http/middleware.go:126	Missing Authorization header	{"ip": "::1", "path": "/api/v1/user/:id"}
2025-11-04T23:17:50.251-0500	[34mINFO[0m	http/middleware.go:173	Authentication successful	{"user_id": "", "user_name": "pablito backyardigans", "ip": "::1", "path": "/api/v1/user/:id"}
2025-11-04T23:22:18.011-0500	[33mWARN[0m	http/middleware.go:147	Token validation failed	{"ip": "::1", "path": "/api/v1/user/:id", "error": "Invalid token: token has invalid claims: token is expired"}
2025-11-04T23:22:32.725-0500	[33mWARN[0m	http/middleware.go:147	Token validation failed	{"ip": "::1", "path": "/api/v1/user/:id", "error": "Invalid token: token signature is invalid: crypto/rsa: verification error"}
2025-11-04T23:22:39.956-0500	[34mINFO[0m	http/middleware.go:173	Authentication successful	{"user_id": "", "user_name": "pablito backyardigans", "ip": "::1", "path": "/api/v1/user/:id"}
2025-11-04T23:47:12.434-0500	[33mWARN[0m	http/middleware.go:147	Token validation failed	{"ip": "::1", "path": "/api/v1/tenant/:id", "error": "Invalid token: token has invalid claims: token is expired"}
2025-11-04T23:47:32.501-0500	[33mWARN[0m	http/middleware.go:147	Token validation failed	{"ip": "::1", "path": "/api/v1/user/:id", "error": "Invalid token: token has invalid claims: token is expired"}
2025-11-04T23:47:34.925-0500	[34mINFO[0m	http/middleware.go:181	Authentication successful	{"user_id": "d595688e-60ed-4d6e-ac83-0e8517da6c2a", "user_name": "pablito backyardigans", "role_name": "ADMIN", "ip": "::1", "path": "/api/v1/user/:id"}
2025-11-04T23:47:39.644-0500	[33mWARN[0m	http/middleware.go:147	Token validation failed	{"ip": "::1", "path": "/api/v1/tenant/:id", "error": "Invalid token: token has invalid claims: token is expired"}
2025-11-04T23:47:42.760-0500	[34mINFO[0m	http/middleware.go:181	Authentication successful	{"user_id": "d595688e-60ed-4d6e-ac83-0e8517da6c2a", "user_name": "pablito backyardigans", "role_name": "ADMIN", "ip": "::1", "path": "/api/v1/tenant/:id"}
2025-11-04T23:48:23.075-0500	[34mINFO[0m	http/middleware.go:181	Authentication successful	{"user_id": "d595688e-60ed-4d6e-ac83-0e8517da6c2a", "user_name": "pablito backyardigans", "role_name": "ADMIN", "ip": "::1", "path": "/api/v1/role/"}
2025-11-04T23:51:12.433-0500	[33mWARN[0m	http/middleware.go:147	Token validation failed	{"ip": "::1", "path": "/api/v1/tenant/:id", "error": "Invalid token: token has invalid claims: token is expired"}
2025-11-04T23:51:15.742-0500	[34mINFO[0m	http/middleware.go:181	Authentication successful	{"user_id": "2a91203c-42aa-4d10-9717-34b4a6483f31", "user_name": "pablito backyardigans", "role_name": "ANALYST", "ip": "::1", "path": "/api/v1/tenant/:id"}
2025-11-05T00:40:42.299-0500	[33mWARN[0m	http/middleware.go:147	Token validation failed	{"ip": "::1", "path": "/api/v1/tenant/:id", "error": "Invalid token: token has invalid claims: token is expired"}
2025-11-05T00:40:45.082-0500	[34mINFO[0m	http/middleware.go:181	Authentication successful	{"user_id": "d595688e-60ed-4d6e-ac83-0e8517da6c2a", "user_name": "pablito backyardigans", "role_name": "ADMIN", "ip": "::1", "path": "/api/v1/tenant/:id"}
2025-11-05T00:46:54.314-0500	[33mWARN[0m	http/middleware.go:147	Token validation failed	{"ip": "::1", "path": "/api/v1/tenant/:id/location", "error": "Invalid token: token has invalid claims: token is expired"}
2025-11-05T00:47:07.978-0500	[34mINFO[0m	http/middleware.go:181	Authentication successful	{"user_id": "d595688e-60ed-4d6e-ac83-0e8517da6c2a", "user_name": "pablito backyardigans", "role_name": "ADMIN", "ip": "::1", "path": "/api/v1/tenant/:id/location"}
2025-11-05T00:49:21.270-0500	[34mINFO[0m	http/middleware.go:181	Authentication successful	{"user_id": "d595688e-60ed-4d6e-ac83-0e8517da6c2a", "user_name": "pablito backyardigans", "role_name": "ADMIN", "ip": "::1", "path": "/api/v1/tenant/:id/api-keys"}
2025-11-05T01:49:30.791-0500	[33mWARN[0m	http/middleware.go:126	Missing Authorization header	{"ip": "::1", "path": "/api/v1/report/summary"}
2025-11-05T01:49:49.285-0500	[34mINFO[0m	http/middleware.go:181	Authentication successful	{"user_id": "d595688e-60ed-4d6e-ac83-0e8517da6c2a", "user_name": "pablito backyardigans", "role_name": "ADMIN", "ip": "::1", "path": "/api/v1/report/summary"}
2025-11-05T01:54:13.610-0500	[33mWARN[0m	http/middleware.go:147	Token validation failed	{"ip": "::1", "path": "/api/v1/report/summary", "error": "Invalid token: token has invalid claims: token is expired"}
2025-11-05T01:54:23.922-0500	[34mINFO[0m	http/middleware.go:181	Authentication successful	{"user_id": "d595688e-60ed-4d6e-ac83-0e8517da6c2a", "user_name": "pablito backyardigans", "role_name": "ADMIN", "ip": "::1", "path": "/api/v1/report/summary"}
2025-11-05T02:10:35.247-0500	[33mWARN[0m	http/middleware.go:147	Token validation failed	{"ip": "::1", "path": "/api/v1/report/summary", "error": "Invalid token: token has invalid claims: token is expired"}
2025-11-05T02:10:45.624-0500	[34mINFO[0m	http/middleware.go:181	Authentication successful	{"user_id": "d595688e-60ed-4d6e-ac83-0e8517da6c2a", "user_name": "pablito backyardigans", "role_name": "ADMIN", "ip": "::1", "path": "/api/v1/report/summary"}
2025-11-10T18:07:38.981-0500	[33mWARN[0m	http/middleware.go:127	Missing Authorization header	{"ip": "::1", "path": "/api/v1/complaint/:id/action"}
2025-11-10T18:08:26.698-0500	[34mINFO[0m	http/middleware.go:182	Authentication successful	{"user_id": "f5683bea-7ca0-423a-9baa-6071d4f2ae8d", "user_name": "Administrator TenantPrueba", "role_name": "ADMIN", "ip": "::1", "path": "/api/v1/complaint/:id/action"}
2025-11-10T18:09:03.975-0500	[34mINFO[0m	http/middleware.go:182	Authentication successful	{"user_id": "f5683bea-7ca0-423a-9baa-6071d4f2ae8d", "user_name": "Administrator TenantPrueba", "role_name": "ADMIN", "ip": "::1", "path": "/api/v1/complaint/:id/action"}
2025-11-10T18:09:27.737-0500	[34mINFO[0m	http/middleware.go:182	Authentication successful	{"user_id": "f5683bea-7ca0-423a-9baa-6071d4f2ae8d", "user_name": "Administrator TenantPrueba", "role_name": "ADMIN", "ip": "::1", "path": "/api/v1/complaint/:id/action"}
2025-11-10T18:10:05.953-0500	[34mINFO[0m	http/middleware.go:182	Authentication successful	{"user_id": "f5683bea-7ca0-423a-9baa-6071d4f2ae8d", "user_name": "Administrator TenantPrueba", "role_name": "ADMIN", "ip": "::1", "path": "/api/v1/complaint/:id/action"}
2025-11-10T18:10:10.640-0500	[34mINFO[0m	http/middleware.go:182	Authentication successful	{"user_id": "f5683bea-7ca0-423a-9baa-6071d4f2ae8d", "user_name": "Administrator TenantPrueba", "role_name": "ADMIN", "ip": "::1", "path": "/api/v1/complaint/:id/action"}
2025-11-10T18:18:09.655-0500	[34mINFO[0m	http/middleware.go:182	Authentication successful	{"user_id": "f5683bea-7ca0-423a-9baa-6071d4f2ae8d", "user_name": "Administrator TenantPrueba", "role_name": "ADMIN", "ip": "::1", "path": "/api/v1/complaint/:id/action"}
2025-11-10T18:18:15.560-0500	[34mINFO[0m	http/middleware.go:182	Authentication successful	{"user_id": "f5683bea-7ca0-423a-9baa-6071d4f2ae8d", "user_name": "Administrator TenantPrueba", "role_name": "ADMIN", "ip": "::1", "path": "/api/v1/complaint/:id/action"}
